Loaded dependency [python3/3.12.9]: sqlite3/3.49.0
Loaded dependency [python3/3.12.9]: gcc/12.4.0-binutils-2.42
Loaded module: python3/3.12.9

Loading python3/3.12.9
  Loading requirement: sqlite3/3.49.0 gcc/12.4.0-binutils-2.42
Traceback (most recent call last):
  File "/zhome/ff/b/147446/MasterThesis/Project_Code - CORRECT/experiments/iterative_forecaster/run_alternating_model.py", line 701, in <module>
    metrics = run_alternating_model(args)
              ^^^^^^^^^^^^^^^^^^^^^^^^^^^
  File "/zhome/ff/b/147446/MasterThesis/Project_Code - CORRECT/experiments/iterative_forecaster/run_alternating_model.py", line 358, in run_alternating_model
    train_data, val_data, test_data = trainer.load_data(project_dir, args.station_id)
                                      ^^^^^^^^^^^^^^^^^^^^^^^^^^^^^^^^^^^^^^^^^^^^^^^
  File "/zhome/ff/b/147446/MasterThesis/Project_Code - CORRECT/experiments/iterative_forecaster/alternating_trainer.py", line 570, in load_data
    self.optimizer = optim.Adam(self.model.parameters(), lr=self.config.get('learning_rate'))
                     ^^^^^^^^^^^^^^^^^^^^^^^^^^^^^^^^^^^^^^^^^^^^^^^^^^^^^^^^^^^^^^^^^^^^^^^^
  File "/zhome/ff/b/147446/.local/lib/python3.12/site-packages/torch/optim/adam.py", line 99, in __init__
    super().__init__(params, defaults)
  File "/zhome/ff/b/147446/.local/lib/python3.12/site-packages/torch/optim/optimizer.py", line 377, in __init__
    self.add_param_group(cast(dict, param_group))
  File "/zhome/ff/b/147446/.local/lib/python3.12/site-packages/torch/_compile.py", line 27, in inner
    import torch._dynamo
  File "/zhome/ff/b/147446/.local/lib/python3.12/site-packages/torch/_dynamo/__init__.py", line 3, in <module>
    from . import convert_frame, eval_frame, resume_execution
  File "/zhome/ff/b/147446/.local/lib/python3.12/site-packages/torch/_dynamo/convert_frame.py", line 33, in <module>
    from torch._dynamo.symbolic_convert import TensorifyState
  File "/zhome/ff/b/147446/.local/lib/python3.12/site-packages/torch/_dynamo/symbolic_convert.py", line 30, in <module>
    from . import config, exc, logging as torchdynamo_logging, trace_rules, variables
  File "/zhome/ff/b/147446/.local/lib/python3.12/site-packages/torch/_dynamo/trace_rules.py", line 46, in <module>
    from .variables import (
  File "/zhome/ff/b/147446/.local/lib/python3.12/site-packages/torch/_dynamo/variables/__init__.py", line 2, in <module>
    from .builtin import BuiltinVariable
  File "/zhome/ff/b/147446/.local/lib/python3.12/site-packages/torch/_dynamo/variables/builtin.py", line 53, in <module>
    from .ctx_manager import EventVariable, StreamVariable
  File "/zhome/ff/b/147446/.local/lib/python3.12/site-packages/torch/_dynamo/variables/ctx_manager.py", line 22, in <module>
    from .functions import (
  File "/zhome/ff/b/147446/.local/lib/python3.12/site-packages/torch/_dynamo/variables/functions.py", line 33, in <module>
    from torch.distributed.fsdp._fully_shard import _fsdp_param_group
  File "/zhome/ff/b/147446/.local/lib/python3.12/site-packages/torch/distributed/fsdp/__init__.py", line 1, in <module>
    from ._flat_param import FlatParameter as FlatParameter
  File "/zhome/ff/b/147446/.local/lib/python3.12/site-packages/torch/distributed/fsdp/_flat_param.py", line 47, in <module>
    from ._fsdp_extensions import (
  File "/zhome/ff/b/147446/.local/lib/python3.12/site-packages/torch/distributed/fsdp/_fsdp_extensions.py", line 6, in <module>
    from torch.distributed._shard.sharded_tensor.api import ShardedTensor
  File "/zhome/ff/b/147446/.local/lib/python3.12/site-packages/torch/distributed/_shard/__init__.py", line 1, in <module>
    from .api import _shard_tensor, load_with_process_group, shard_module, shard_parameter
  File "/zhome/ff/b/147446/.local/lib/python3.12/site-packages/torch/distributed/_shard/api.py", line 9, in <module>
    from torch.distributed._shard.sharded_tensor import ShardedTensor
  File "/zhome/ff/b/147446/.local/lib/python3.12/site-packages/torch/distributed/_shard/sharded_tensor/__init__.py", line 8, in <module>
    from .api import (
  File "/zhome/ff/b/147446/.local/lib/python3.12/site-packages/torch/distributed/_shard/sharded_tensor/api.py", line 31, in <module>
    from .reshard import reshard_local_shard, reshuffle_local_shard
  File "/zhome/ff/b/147446/.local/lib/python3.12/site-packages/torch/distributed/_shard/sharded_tensor/reshard.py", line 14, in <module>
    from torch.distributed.nn.functional import all_to_all, all_to_all_single
  File "/zhome/ff/b/147446/.local/lib/python3.12/site-packages/torch/distributed/nn/__init__.py", line 7, in <module>
    from .api.remote_module import RemoteModule
  File "/zhome/ff/b/147446/.local/lib/python3.12/site-packages/torch/distributed/nn/api/remote_module.py", line 26, in <module>
    from torch.distributed.nn.jit import instantiator
  File "/zhome/ff/b/147446/.local/lib/python3.12/site-packages/torch/distributed/nn/jit/instantiator.py", line 11, in <module>
    from torch.distributed.nn.jit.templates.remote_module_template import (
  File "<frozen importlib._bootstrap>", line 1360, in _find_and_load
  File "<frozen importlib._bootstrap>", line 1331, in _find_and_load_unlocked
  File "<frozen importlib._bootstrap>", line 935, in _load_unlocked
  File "<frozen importlib._bootstrap_external>", line 995, in exec_module
  File "<frozen importlib._bootstrap_external>", line 1091, in get_code
  File "<frozen importlib._bootstrap_external>", line 1190, in get_data
KeyboardInterrupt
