/zhome/ff/b/147446/MasterThesis/Project_Code - CORRECT/experiments/iterative_forecaster

Experiment directories created under: /zhome/ff/b/147446/MasterThesis/Project_Code - CORRECT/results/Iterative model results/experiment_CPFS+TF

Model Configuration:
  hidden_size: 24
  dropout: 0.25
  batch_size: 7392
  epochs: 300
  patience: 15
  learning_rate: 0.001
  warmup_length: 672
  threshold: 13.0
  window_size: 100
  quick_mode: False
  objective_function: mae_loss
  use_time_features: True
  use_cumulative_features: True

Initializing trainer...

🖥️  Device Information:
   Using device: cpu
   CUDA not available, using CPU
==================================================
Using features: ['vst_raw_feature', 'temperature', 'rainfall']

Loading data for station 21006846...

Loading data for station 21006846...

Input Features Summary:
----------------------
Using features from:
  - Primary station:
    * vst_raw_feature
    * temperature
    * rainfall

Feature engineering settings:
  - Using time features: True
  - Using cumulative features: True
  - Using lagged features: False
----------------------


Handling NaN values:
  - Temperature: Forward fill, backward fill, then 30-day aggregation
  - Rainfall: Fill NaN with -1
  - vst_raw_feature: Fill NaN with -1
  - Target (vst_raw): Keep NaN values (handled in loss calculation)

Adding time-based features...
  - Added time features: ['month_sin', 'month_cos', 'day_of_year_sin', 'day_of_year_cos']

Adding cumulative features...
  - Added cumulative rainfall features

All available feature columns (15): ['vst_raw_feature', 'temperature', 'rainfall', 'month_sin', 'month_cos', 'day_of_year_sin', 'day_of_year_cos', 'station_46_rain_1hour', 'station_46_rain_7hour', 'station_46_rain_48hour', 'station_46_rain_90hour', 'station_46_rain_1month', 'station_46_rain_3months', 'station_46_rain_6months', 'station_46_rain_1year']
Initializing model with input size: 15
